[0.063s] Invoking command in '/home/andrew/leto/build/satellite_interfaces': CMAKE_PREFIX_PATH=${CMAKE_PREFIX_PATH}:/home/andrew/leto/install/satellite_run:/opt/ros/iron /usr/bin/cmake --build /home/andrew/leto/build/satellite_interfaces -- -j6 -l6
[0.087s] -- Found ament_cmake: 2.0.5 (/opt/ros/iron/share/ament_cmake/cmake)
[0.226s] -- Found std_msgs: 5.0.0 (/opt/ros/iron/share/std_msgs/cmake)
[0.259s] -- Found rosidl_generator_c: 4.0.1 (/opt/ros/iron/share/rosidl_generator_c/cmake)
[0.264s] -- Found rosidl_generator_cpp: 4.0.1 (/opt/ros/iron/share/rosidl_generator_cpp/cmake)
[0.274s] -- Using all available rosidl_typesupport_c: rosidl_typesupport_fastrtps_c;rosidl_typesupport_introspection_c
[0.286s] -- Using all available rosidl_typesupport_cpp: rosidl_typesupport_fastrtps_cpp;rosidl_typesupport_introspection_cpp
[0.321s] -- Found rosidl_default_generators: 1.5.0 (/opt/ros/iron/share/rosidl_default_generators/cmake)
[0.325s] -- Found rosidl_adapter: 4.0.1 (/opt/ros/iron/share/rosidl_adapter/cmake)
[0.579s] [31mCMake Error at /opt/ros/iron/share/rosidl_adapter/cmake/rosidl_adapt_interfaces.cmake:57 (message):
[0.579s]   execute_process(/usr/bin/python3.10 -m rosidl_adapter --package-name
[0.579s]   satellite_interfaces --arguments-file
[0.579s]   /home/andrew/leto/build/satellite_interfaces/rosidl_adapter__arguments__satellite_interfaces.json
[0.579s]   --output-dir
[0.580s]   /home/andrew/leto/build/satellite_interfaces/rosidl_adapter/satellite_interfaces
[0.580s]   --output-file
[0.580s]   /home/andrew/leto/build/satellite_interfaces/rosidl_adapter/satellite_interfaces.idls)
[0.580s]   returned error code 1:
[0.580s] 
[0.580s]   Error processing 'boolean success' of
[0.580s]   'satellite_interfaces/SpawnSatellite_Response': ''boolean' is an invalid
[0.580s]   message name.  It should have the pattern '^[A-Z][A-Za-z0-9]*$''
[0.580s] 
[0.580s]   Traceback (most recent call last):
[0.580s] 
[0.580s]     File "/usr/lib/python3.10/runpy.py", line 196, in _run_module_as_main
[0.580s]       return _run_code(code, main_globals, None,
[0.580s]     File "/usr/lib/python3.10/runpy.py", line 86, in _run_code
[0.580s]       exec(code, run_globals)
[0.581s]     File "/opt/ros/iron/lib/python3.10/site-packages/rosidl_adapter/__main__.py", line 19, in <module>
[0.581s]       sys.exit(main())
[0.581s]     File "/opt/ros/iron/lib/python3.10/site-packages/rosidl_adapter/main.py", line 53, in main
[0.581s]       abs_idl_file = convert_to_idl(
[0.581s]     File "/opt/ros/iron/lib/python3.10/site-packages/rosidl_adapter/__init__.py", line 24, in convert_to_idl
[0.581s]       return convert_srv_to_idl(
[0.581s]     File "/opt/ros/iron/lib/python3.10/site-packages/rosidl_adapter/srv/__init__.py", line 28, in convert_srv_to_idl
[0.581s]       srv = parse_service_string(package_name, input_file.stem, content)
[0.581s]     File "/opt/ros/iron/lib/python3.10/site-packages/rosidl_adapter/parser.py", line 864, in parse_service_string
[0.581s]       response_message = parse_message_string(
[0.581s]     File "/opt/ros/iron/lib/python3.10/site-packages/rosidl_adapter/parser.py", line 521, in parse_message_string
[0.581s]       Type(type_string, context_package_name=pkg_name),
[0.581s]     File "/opt/ros/iron/lib/python3.10/site-packages/rosidl_adapter/parser.py", line 278, in __init__
[0.581s]       super(Type, self).__init__(
[0.581s]     File "/opt/ros/iron/lib/python3.10/site-packages/rosidl_adapter/parser.py", line 206, in __init__
[0.581s]       raise InvalidResourceName(
[0.581s] 
[0.581s]   rosidl_adapter.parser.InvalidResourceName: 'boolean' is an invalid message
[0.581s]   name.  It should have the pattern '^[A-Z][A-Za-z0-9]*$'
[0.581s] 
[0.581s] Call Stack (most recent call first):
[0.582s]   /opt/ros/iron/share/rosidl_cmake/cmake/rosidl_generate_interfaces.cmake:132 (rosidl_adapt_interfaces)
[0.582s]   CMakeLists.txt:16 (rosidl_generate_interfaces)
[0.582s] 
[0.582s] [0m
[0.582s] -- Configuring incomplete, errors occurred!
[0.582s] See also "/home/andrew/leto/build/satellite_interfaces/CMakeFiles/CMakeOutput.log".
[0.584s] gmake: *** [Makefile:226: cmake_check_build_system] Error 1
[0.586s] Invoked command in '/home/andrew/leto/build/satellite_interfaces' returned '2': CMAKE_PREFIX_PATH=${CMAKE_PREFIX_PATH}:/home/andrew/leto/install/satellite_run:/opt/ros/iron /usr/bin/cmake --build /home/andrew/leto/build/satellite_interfaces -- -j6 -l6
